<?xml version="1.0" encoding="UTF-8"?>
<robot generator="Robot 7.0 (Python 3.11.9 on win32)" generated="2024-04-10T01:36:51.897336" rpa="false" schemaversion="5">
<suite id="s1" name="Tests" source="C:\Users\Korisnik\Documents\garfield-factory\Posao\lambda-test\tests">
<suite id="s1-s1" name="Login to DemoBlaze" source="C:\Users\Korisnik\Documents\garfield-factory\Posao\lambda-test\tests\Login_to_DemoBlaze.robot">
<test id="s1-s1-t1" name="Login to DemoBlaze" line="14">
<kw name="Start Browser" owner="driver" type="SETUP">
<kw name="Sleep" owner="BuiltIn">
<msg time="2024-04-10T01:36:55.076221" level="INFO">Slept 3 seconds.</msg>
<arg>3seconds</arg>
<doc>Pauses the test executed for the given time.</doc>
<status status="PASS" start="2024-04-10T01:36:52.075785" elapsed="3.000436"/>
</kw>
<kw name="Set Selenium Speed" owner="SeleniumLibrary">
<arg>0.1seconds</arg>
<doc>Sets the delay that is waited after each Selenium command.</doc>
<status status="PASS" start="2024-04-10T01:36:55.076221" elapsed="0.000000"/>
</kw>
<kw name="Set Selenium Timeout" owner="SeleniumLibrary">
<arg>10seconds</arg>
<doc>Sets the timeout that is used by various keywords.</doc>
<status status="PASS" start="2024-04-10T01:36:55.076221" elapsed="0.000000"/>
</kw>
<kw name="Start Chrome" owner="driver">
<kw name="Evaluate" owner="BuiltIn">
<msg time="2024-04-10T01:36:55.082831" level="INFO">${chrome_options} = &lt;selenium.webdriver.chrome.options.Options object at 0x000001E203B72A90&gt;</msg>
<var>${chrome_options}</var>
<arg>selenium.webdriver.ChromeOptions()</arg>
<doc>Evaluates the given expression in Python and returns the result.</doc>
<status status="PASS" start="2024-04-10T01:36:55.076221" elapsed="0.006610"/>
</kw>
<kw name="Call Method" owner="BuiltIn">
<arg>${chrome_options}</arg>
<arg>add_argument</arg>
<arg>--ignore-certificate-errors</arg>
<doc>Calls the named method of the given object with the provided arguments.</doc>
<status status="PASS" start="2024-04-10T01:36:55.082831" elapsed="0.000000"/>
</kw>
<kw name="Open Browser" owner="SeleniumLibrary">
<msg time="2024-04-10T01:36:55.082831" level="INFO">Opening browser 'chrome' to base url 'https://demoblaze.com/'.</msg>
<arg>${link}</arg>
<arg>chrome</arg>
<arg>options=${chrome_options}</arg>
<doc>Opens a new browser instance to the optional ``url``.</doc>
<status status="PASS" start="2024-04-10T01:36:55.082831" elapsed="2.151101"/>
</kw>
<kw name="Maximize Browser Window" owner="SeleniumLibrary">
<doc>Maximizes current browser window.</doc>
<status status="PASS" start="2024-04-10T01:36:57.233932" elapsed="0.213304"/>
</kw>
<arg>${test_url}</arg>
<status status="PASS" start="2024-04-10T01:36:55.076221" elapsed="2.371015"/>
</kw>
<arg>${demoblaze_link}</arg>
<status status="PASS" start="2024-04-10T01:36:52.075785" elapsed="5.371451"/>
</kw>
<kw name="Login" owner="LoginKeywords">
<kw name="Wait and Click" owner="helper_keywords">
<kw name="Wait Until Element Is Visible" owner="SeleniumLibrary">
<arg>${locator}</arg>
<doc>Waits until the element ``locator`` is visible.</doc>
<status status="PASS" start="2024-04-10T01:36:57.448486" elapsed="0.217015"/>
</kw>
<kw name="Wait Until Page Contains Element" owner="SeleniumLibrary">
<arg>${locator}</arg>
<doc>Waits until the element ``locator`` appears on the current page.</doc>
<status status="PASS" start="2024-04-10T01:36:57.665501" elapsed="0.105389"/>
</kw>
<kw name="Click Element" owner="SeleniumLibrary">
<msg time="2024-04-10T01:36:57.770890" level="INFO">Clicking element 'id:login2'.</msg>
<arg>${locator}</arg>
<doc>Click the element identified by ``locator``.</doc>
<status status="PASS" start="2024-04-10T01:36:57.770890" elapsed="0.269283"/>
</kw>
<arg>${login_link}</arg>
<status status="PASS" start="2024-04-10T01:36:57.447236" elapsed="0.592937"/>
</kw>
<kw name="Wait and Input Text" owner="helper_keywords">
<kw name="Wait Until Element Is Visible" owner="SeleniumLibrary">
<arg>${locator}</arg>
<doc>Waits until the element ``locator`` is visible.</doc>
<status status="PASS" start="2024-04-10T01:36:58.041761" elapsed="0.231015"/>
</kw>
<kw name="Wait Until Page Contains Element" owner="SeleniumLibrary">
<arg>${locator}</arg>
<doc>Waits until the element ``locator`` appears on the current page.</doc>
<status status="PASS" start="2024-04-10T01:36:58.272776" elapsed="0.107170"/>
</kw>
<kw name="Click Element" owner="SeleniumLibrary">
<msg time="2024-04-10T01:36:58.379946" level="INFO">Clicking element 'id:loginusername'.</msg>
<arg>${locator}</arg>
<doc>Click the element identified by ``locator``.</doc>
<status status="PASS" start="2024-04-10T01:36:58.379946" elapsed="0.253376"/>
</kw>
<kw name="Input Text" owner="SeleniumLibrary">
<msg time="2024-04-10T01:36:58.634090" level="INFO">Typing text 'arakon' into text field 'id:loginusername'.</msg>
<arg>${locator}</arg>
<arg>${text}</arg>
<doc>Types the given ``text`` into the text field identified by ``locator``.</doc>
<status status="PASS" start="2024-04-10T01:36:58.634090" elapsed="0.385244"/>
</kw>
<arg>${username_field}</arg>
<arg>${username}</arg>
<status status="PASS" start="2024-04-10T01:36:58.040173" elapsed="0.979161"/>
</kw>
<kw name="Wait and Input Text" owner="helper_keywords">
<kw name="Wait Until Element Is Visible" owner="SeleniumLibrary">
<arg>${locator}</arg>
<doc>Waits until the element ``locator`` is visible.</doc>
<status status="PASS" start="2024-04-10T01:36:59.019334" elapsed="0.240508"/>
</kw>
<kw name="Wait Until Page Contains Element" owner="SeleniumLibrary">
<arg>${locator}</arg>
<doc>Waits until the element ``locator`` appears on the current page.</doc>
<status status="PASS" start="2024-04-10T01:36:59.259842" elapsed="0.118277"/>
</kw>
<kw name="Click Element" owner="SeleniumLibrary">
<msg time="2024-04-10T01:36:59.378119" level="INFO">Clicking element 'id:loginpassword'.</msg>
<arg>${locator}</arg>
<doc>Click the element identified by ``locator``.</doc>
<status status="PASS" start="2024-04-10T01:36:59.378119" elapsed="0.248688"/>
</kw>
<kw name="Input Text" owner="SeleniumLibrary">
<msg time="2024-04-10T01:36:59.626807" level="INFO">Typing text 'test123' into text field 'id:loginpassword'.</msg>
<arg>${locator}</arg>
<arg>${text}</arg>
<doc>Types the given ``text`` into the text field identified by ``locator``.</doc>
<status status="PASS" start="2024-04-10T01:36:59.626807" elapsed="0.365716"/>
</kw>
<arg>${password_field}</arg>
<arg>${password}</arg>
<status status="PASS" start="2024-04-10T01:36:59.019334" elapsed="0.973189"/>
</kw>
<kw name="Wait and Click" owner="helper_keywords">
<kw name="Wait Until Element Is Visible" owner="SeleniumLibrary">
<arg>${locator}</arg>
<doc>Waits until the element ``locator`` is visible.</doc>
<status status="PASS" start="2024-04-10T01:36:59.992523" elapsed="0.218278"/>
</kw>
<kw name="Wait Until Page Contains Element" owner="SeleniumLibrary">
<arg>${locator}</arg>
<doc>Waits until the element ``locator`` appears on the current page.</doc>
<status status="PASS" start="2024-04-10T01:37:00.210801" elapsed="0.107168"/>
</kw>
<kw name="Click Element" owner="SeleniumLibrary">
<msg time="2024-04-10T01:37:00.317969" level="INFO">Clicking element 'xpath://button[@type="button" and text()="Log in"]'.</msg>
<arg>${locator}</arg>
<doc>Click the element identified by ``locator``.</doc>
<status status="PASS" start="2024-04-10T01:37:00.317969" elapsed="0.238815"/>
</kw>
<arg>${login_button}</arg>
<status status="PASS" start="2024-04-10T01:36:59.992523" elapsed="0.564261"/>
</kw>
<kw name="Wait Until Element Contains" owner="SeleniumLibrary">
<arg>${welcome_link}</arg>
<arg>Welcome ${username}</arg>
<doc>Waits until the element ``locator`` contains ``text``.</doc>
<status status="PASS" start="2024-04-10T01:37:00.556784" elapsed="1.182019"/>
</kw>
<kw name="Element Text Should Be" owner="SeleniumLibrary">
<msg time="2024-04-10T01:37:01.738803" level="INFO">Verifying element 'id:nameofuser' contains exact text 'Welcome arakon'.</msg>
<arg>${welcome_link}</arg>
<arg>Welcome ${username}</arg>
<doc>Verifies that element ``locator`` contains exact the text ``expected``.</doc>
<status status="PASS" start="2024-04-10T01:37:01.738803" elapsed="0.218729"/>
</kw>
<arg>${test_username}</arg>
<arg>${test_password}</arg>
<status status="PASS" start="2024-04-10T01:36:57.447236" elapsed="4.510296"/>
</kw>
<kw name="Close Browser" owner="driver" type="TEARDOWN">
<kw name="Close Browser" owner="SeleniumLibrary">
<doc>Closes the current browser.</doc>
<status status="PASS" start="2024-04-10T01:37:01.957532" elapsed="2.169827"/>
</kw>
<status status="PASS" start="2024-04-10T01:37:01.957532" elapsed="2.169827"/>
</kw>
<tag>regression</tag>
<tag>smoke</tag>
<status status="PASS" start="2024-04-10T01:36:52.075785" elapsed="12.051574"/>
</test>
<status status="PASS" start="2024-04-10T01:36:51.920353" elapsed="12.207006"/>
</suite>
<status status="PASS" start="2024-04-10T01:36:51.910350" elapsed="12.217009"/>
</suite>
<statistics>
<total>
<stat pass="1" fail="0" skip="0">All Tests</stat>
</total>
<tag>
<stat pass="1" fail="0" skip="0">regression</stat>
<stat pass="1" fail="0" skip="0">smoke</stat>
</tag>
<suite>
<stat pass="1" fail="0" skip="0" id="s1" name="Tests">Tests</stat>
<stat pass="1" fail="0" skip="0" id="s1-s1" name="Login to DemoBlaze">Tests.Login to DemoBlaze</stat>
</suite>
</statistics>
<errors>
</errors>
</robot>
