<?xml version="1.0" encoding="UTF-8"?>
<robot generator="Robot 7.0 (Python 3.11.9 on win32)" generated="2024-04-10T01:30:15.778480" rpa="false" schemaversion="5">
<suite id="s1" name="Login" source="C:\Users\Korisnik\Documents\garfield-factory\Posao\lambda-test\tests\Login.robot">
<test id="s1-t1" name="Login to DemoBlaze" line="14">
<kw name="Start Browser" owner="driver" type="SETUP">
<kw name="Sleep" owner="BuiltIn">
<msg time="2024-04-10T01:30:18.952331" level="INFO">Slept 3 seconds.</msg>
<arg>3seconds</arg>
<doc>Pauses the test executed for the given time.</doc>
<status status="PASS" start="2024-04-10T01:30:15.951970" elapsed="3.000361"/>
</kw>
<kw name="Set Selenium Speed" owner="SeleniumLibrary">
<arg>0.1seconds</arg>
<doc>Sets the delay that is waited after each Selenium command.</doc>
<status status="PASS" start="2024-04-10T01:30:18.952331" elapsed="0.000000"/>
</kw>
<kw name="Set Selenium Timeout" owner="SeleniumLibrary">
<arg>10seconds</arg>
<doc>Sets the timeout that is used by various keywords.</doc>
<status status="PASS" start="2024-04-10T01:30:18.952331" elapsed="0.000000"/>
</kw>
<kw name="Start Chrome" owner="driver">
<kw name="Evaluate" owner="BuiltIn">
<msg time="2024-04-10T01:30:18.959445" level="INFO">${chrome_options} = &lt;selenium.webdriver.chrome.options.Options object at 0x000002A129FE07D0&gt;</msg>
<var>${chrome_options}</var>
<arg>selenium.webdriver.ChromeOptions()</arg>
<doc>Evaluates the given expression in Python and returns the result.</doc>
<status status="PASS" start="2024-04-10T01:30:18.952331" elapsed="0.007114"/>
</kw>
<kw name="Call Method" owner="BuiltIn">
<arg>${chrome_options}</arg>
<arg>add_argument</arg>
<arg>--ignore-certificate-errors</arg>
<doc>Calls the named method of the given object with the provided arguments.</doc>
<status status="PASS" start="2024-04-10T01:30:18.959445" elapsed="0.000000"/>
</kw>
<kw name="Open Browser" owner="SeleniumLibrary">
<msg time="2024-04-10T01:30:18.959445" level="INFO">Opening browser 'chrome' to base url 'https://demoblaze.com/'.</msg>
<arg>${link}</arg>
<arg>chrome</arg>
<arg>options=${chrome_options}</arg>
<doc>Opens a new browser instance to the optional ``url``.</doc>
<status status="PASS" start="2024-04-10T01:30:18.959445" elapsed="2.531068"/>
</kw>
<kw name="Maximize Browser Window" owner="SeleniumLibrary">
<doc>Maximizes current browser window.</doc>
<status status="PASS" start="2024-04-10T01:30:21.490513" elapsed="0.212252"/>
</kw>
<kw name="Log To Console" owner="BuiltIn">
<arg>ovo je proslo</arg>
<doc>Logs the given message to the console.</doc>
<status status="PASS" start="2024-04-10T01:30:21.702765" elapsed="0.000000"/>
</kw>
<arg>${test_url}</arg>
<status status="PASS" start="2024-04-10T01:30:18.952331" elapsed="2.750434"/>
</kw>
<arg>${demoblaze_link}</arg>
<status status="PASS" start="2024-04-10T01:30:15.951970" elapsed="5.750795"/>
</kw>
<kw name="Login" owner="LoginKeywords">
<kw name="Wait and Click" owner="helper_keywords">
<kw name="Wait Until Element Is Visible" owner="SeleniumLibrary">
<arg>${locator}</arg>
<doc>Waits until the element ``locator`` is visible.</doc>
<status status="PASS" start="2024-04-10T01:30:21.703763" elapsed="0.228531"/>
</kw>
<kw name="Wait Until Page Contains Element" owner="SeleniumLibrary">
<arg>${locator}</arg>
<doc>Waits until the element ``locator`` appears on the current page.</doc>
<status status="PASS" start="2024-04-10T01:30:21.932294" elapsed="0.106125"/>
</kw>
<kw name="Click Element" owner="SeleniumLibrary">
<msg time="2024-04-10T01:30:22.038868" level="INFO">Clicking element 'id:login2'.</msg>
<arg>${locator}</arg>
<doc>Click the element identified by ``locator``.</doc>
<status status="PASS" start="2024-04-10T01:30:22.038868" elapsed="0.238798"/>
</kw>
<arg>${login_link}</arg>
<status status="PASS" start="2024-04-10T01:30:21.703763" elapsed="0.573903"/>
</kw>
<kw name="Wait and Input Text" owner="helper_keywords">
<kw name="Wait Until Element Is Visible" owner="SeleniumLibrary">
<arg>${locator}</arg>
<doc>Waits until the element ``locator`` is visible.</doc>
<status status="PASS" start="2024-04-10T01:30:22.277666" elapsed="0.232240"/>
</kw>
<kw name="Wait Until Page Contains Element" owner="SeleniumLibrary">
<arg>${locator}</arg>
<doc>Waits until the element ``locator`` appears on the current page.</doc>
<status status="PASS" start="2024-04-10T01:30:22.510039" elapsed="0.109385"/>
</kw>
<kw name="Click Element" owner="SeleniumLibrary">
<msg time="2024-04-10T01:30:22.619424" level="INFO">Clicking element 'id:loginusername'.</msg>
<arg>${locator}</arg>
<doc>Click the element identified by ``locator``.</doc>
<status status="PASS" start="2024-04-10T01:30:22.619424" elapsed="0.244249"/>
</kw>
<kw name="Input Text" owner="SeleniumLibrary">
<msg time="2024-04-10T01:30:22.863673" level="INFO">Typing text 'arakon' into text field 'id:loginusername'.</msg>
<arg>${locator}</arg>
<arg>${text}</arg>
<doc>Types the given ``text`` into the text field identified by ``locator``.</doc>
<status status="PASS" start="2024-04-10T01:30:22.863673" elapsed="0.381900"/>
</kw>
<arg>${username_field}</arg>
<arg>${username}</arg>
<status status="PASS" start="2024-04-10T01:30:22.277666" elapsed="0.967907"/>
</kw>
<kw name="Wait and Input Text" owner="helper_keywords">
<kw name="Wait Until Element Is Visible" owner="SeleniumLibrary">
<arg>${locator}</arg>
<doc>Waits until the element ``locator`` is visible.</doc>
<status status="PASS" start="2024-04-10T01:30:23.246845" elapsed="0.237744"/>
</kw>
<kw name="Wait Until Page Contains Element" owner="SeleniumLibrary">
<arg>${locator}</arg>
<doc>Waits until the element ``locator`` appears on the current page.</doc>
<status status="PASS" start="2024-04-10T01:30:23.484589" elapsed="0.118209"/>
</kw>
<kw name="Click Element" owner="SeleniumLibrary">
<msg time="2024-04-10T01:30:23.602798" level="INFO">Clicking element 'id:loginpassword'.</msg>
<arg>${locator}</arg>
<doc>Click the element identified by ``locator``.</doc>
<status status="PASS" start="2024-04-10T01:30:23.602798" elapsed="0.239659"/>
</kw>
<kw name="Input Text" owner="SeleniumLibrary">
<msg time="2024-04-10T01:30:23.843623" level="INFO">Typing text 'test123' into text field 'id:loginpassword'.</msg>
<arg>${locator}</arg>
<arg>${text}</arg>
<doc>Types the given ``text`` into the text field identified by ``locator``.</doc>
<status status="PASS" start="2024-04-10T01:30:23.842457" elapsed="0.344706"/>
</kw>
<arg>${password_field}</arg>
<arg>${password}</arg>
<status status="PASS" start="2024-04-10T01:30:23.246670" elapsed="0.940493"/>
</kw>
<kw name="Wait and Click" owner="helper_keywords">
<kw name="Wait Until Element Is Visible" owner="SeleniumLibrary">
<arg>${locator}</arg>
<doc>Waits until the element ``locator`` is visible.</doc>
<status status="PASS" start="2024-04-10T01:30:24.187163" elapsed="0.221640"/>
</kw>
<kw name="Wait Until Page Contains Element" owner="SeleniumLibrary">
<arg>${locator}</arg>
<doc>Waits until the element ``locator`` appears on the current page.</doc>
<status status="PASS" start="2024-04-10T01:30:24.408803" elapsed="0.118621"/>
</kw>
<kw name="Click Element" owner="SeleniumLibrary">
<msg time="2024-04-10T01:30:24.528446" level="INFO">Clicking element 'xpath://button[@type="button" and text()="Log in"]'.</msg>
<arg>${locator}</arg>
<doc>Click the element identified by ``locator``.</doc>
<status status="PASS" start="2024-04-10T01:30:24.527424" elapsed="0.251407"/>
</kw>
<arg>${login_button}</arg>
<status status="PASS" start="2024-04-10T01:30:24.187163" elapsed="0.591668"/>
</kw>
<kw name="Wait Until Element Contains" owner="SeleniumLibrary">
<arg>${welcome_link}</arg>
<arg>Welcome ${username}</arg>
<doc>Waits until the element ``locator`` contains ``text``.</doc>
<status status="PASS" start="2024-04-10T01:30:24.778831" elapsed="1.268083"/>
</kw>
<kw name="Element Text Should Be" owner="SeleniumLibrary">
<msg time="2024-04-10T01:30:26.046914" level="INFO">Verifying element 'id:nameofuser' contains exact text 'Welcome arakon'.</msg>
<arg>${welcome_link}</arg>
<arg>Welcome ${username}</arg>
<doc>Verifies that element ``locator`` contains exact the text ``expected``.</doc>
<status status="PASS" start="2024-04-10T01:30:26.046914" elapsed="0.229620"/>
</kw>
<arg>${test_username}</arg>
<arg>${test_password}</arg>
<status status="PASS" start="2024-04-10T01:30:21.703763" elapsed="4.572771"/>
</kw>
<kw name="Close Browser" owner="driver" type="TEARDOWN">
<kw name="Close Browser" owner="SeleniumLibrary">
<doc>Closes the current browser.</doc>
<status status="PASS" start="2024-04-10T01:30:26.276534" elapsed="2.174629"/>
</kw>
<status status="PASS" start="2024-04-10T01:30:26.276534" elapsed="2.174629"/>
</kw>
<tag>regression</tag>
<tag>smoke</tag>
<status status="PASS" start="2024-04-10T01:30:15.951970" elapsed="12.499193"/>
</test>
<status status="PASS" start="2024-04-10T01:30:15.778480" elapsed="12.672683"/>
</suite>
<statistics>
<total>
<stat pass="1" fail="0" skip="0">All Tests</stat>
</total>
<tag>
<stat pass="1" fail="0" skip="0">regression</stat>
<stat pass="1" fail="0" skip="0">smoke</stat>
</tag>
<suite>
<stat pass="1" fail="0" skip="0" id="s1" name="Login">Login</stat>
</suite>
</statistics>
<errors>
</errors>
</robot>
